2024-06-12 10:06:28.0478 P2Pool BLOCK FOUND: main chain block at height 3169541 was mined by someone else in this p2pool
2024-06-12 10:06:28.0478 P2Pool BLOCK FOUND: main chain block at height 3169541 was mined by someone else in this p2pool
foo
foo, bar
foo, bar, baz
2024-06-12 10:06:28.0478 P2Pool BLOCK FOUND: main chain block at height 3169541 was mined by someone else in this p2pool
2024-06-12 10:06:28.0478 P2Pool BLOCK FOUND: main chain block at height 3169541 was mined by someone else in this p2pool
2024-06-12 10:06:28.0478 P2Pool BLOCK FOUND: main chain block at height 3169541 was mined by someone else in this p2pool
2024-06-12 10:06:28.0478 P2Pool BLOCK FOUND: main chain block at height 3169541 was mined by someone else in this p2pool
2024-06-12 10:06:28.0478 P2Pool BLOCK FOUND: main chain block at height 3169541 was mined by someone else in this p2pool
2024-06-12 10:06:28.0478 P2Pool BLOCK FOUND: main chain block at height 3169541 was mined by someone else in this p2pool
2024-06-12 10:06:28.0478 P2Pool BLOCK FOUND: main chain block at height 3169541 was mined by someone else in this p2pool
2024-06-12 10:06:28.0478 P2Pool BLOCK FOUND: main chain block at height 3169541 was mined by someone else in this p2pool
2024-06-12 10:06:28.0478 P2Pool BLOCK FOUND: main chain block at height 3169541 was mined by someone else in this p2pool
2024-06-12 10:06:28.0478 P2Pool BLOCK FOUND: main chain block at height 3169541 was mined by someone else in this p2pool
2024-06-12 10:06:28.0478 P2Pool BLOCK FOUND: main chain block at height 3169541 was mined by someone else in this p2pool
2024-06-12 10:06:28.0478 P2Pool BLOCK FOUND: main chain block at height 3169541 was mined by someone else in this p2pool
2024-06-12 10:06:28.0478 P2Pool BLOCK FOUND: main chain block at height 3169541 was mined by someone else in this p2pool
2024-06-12 10:06:28.0478 P2Pool BLOCK FOUND: main chain block at height 3169541 was mined by someone else in this p2pool
2024-06-13 10:06:28.0478 P2Pool BLOCK FOUND: main chain block at height 3169541 was mined by someone else in this p2pool
2024-06-14 10:06:28.0478 P2Pool BLOCK FOUND: main chain block at height 3169541 was mined by someone else in this p2pool
2024-06-14 10:06:28.0478 P2Pool BLOCK FOUND: main chain block at height 3169541 was mined by someone else in this p2pool
2024-06-14 10:06:28.0478 P2Pool BLOCK FOUND: main chain block at height 3169541 was mined by someone else in this p2pool
2024-06-15 10:06:28.0478 P2Pool BLOCK FOUND: main chain block at height 3169541 was mined by someone else in this p2pool
2024-07-12 10:06:28.0478 P2Pool BLOCK FOUND: main chain block at height 3169541 was mined by someone else in this p2pool
2024-06-19 16:32:00.5836 StratumServer SHARE FOUND: mainchain height 3174862, sidechain height 7944668, diff 107488844, client 192.168.1.5:39114, user maia, effort 37.115%
2024-06-19 16:32:00.5836 StratumServer SHARE FOUND: mainchain height 3174862, sidechain height 7944668, diff 107488844, client 192.168.1.5:39114, user maia, effort 37.115%
2024-06-19 16:32:00.5836 StratumServer SHARE FOUND: mainchain height 3174862, sidechain height 7944668, diff 107488844, client 192.168.1.5:39114, user maia, effort 37.115%
2024-06-19 16:32:00.5836 StratumServer SHARE FOUND: mainchain height 3174862, sidechain height 7944668, diff 107488844, client 192.168.1.5:39114, user maia, effort 37.115%
2024-06-19 16:32:00.5836 StratumServer SHARE FOUND: mainchain height 3174862, sidechain height 7944668, diff 107488844, client 192.168.1.5:39114, user maia, effort 37.115%
NOTICE 2024-04-05 08:13:56.8792 P2Pool Your wallet 48wY7nYBsQNSw7v4LjoNnvCtk1Y6GLNVmePGrW82gVhYhQtWJFHi6U6G3X5d7JN2ucajU9SeBcijET8ZzKWYwC3z3Y6fDEG got a payout of 0.000474598149 XMR in block 3120548
NOTICE 2024-04-05 08:13:56.8792 P2Pool Your wallet 48wY7nYBsQNSw7v4LjoNnvCtk1Y6GLNVmePGrW82gVhYhQtWJFHi6U6G3X5d7JN2ucajU9SeBcijET8ZzKWYwC3z3Y6fDEG got a payout of 0.000474598149 XMR in block 3120548
NOTICE 2024-04-05 08:13:56.8792 P2Pool Your wallet 48wY7nYBsQNSw7v4LjoNnvCtk1Y6GLNVmePGrW82gVhYhQtWJFHi6U6G3X5d7JN2ucajU9SeBcijET8ZzKWYwC3z3Y6fDEG got a payout of 0.000474598149 XMR in block 3120548
NOTICE 2024-04-05 08:13:56.8792 P2Pool Your wallet 48wY7nYBsQNSw7v4LjoNnvCtk1Y6GLNVmePGrW82gVhYhQtWJFHi6U6G3X5d7JN2ucajU9SeBcijET8ZzKWYwC3z3Y6fDEG got a payout of 0.000474598149 XMR in block 3120548
NOTICE 2024-04-05 08:13:56.8792 P2Pool Your wallet 48wY7nYBsQNSw7v4LjoNnvCtk1Y6GLNVmePGrW82gVhYhQtWJFHi6U6G3X5d7JN2ucajU9SeBcijET8ZzKWYwC3z3Y6fDEG got a payout of 0.000474598149 XMR in block 3120548
NOTICE 2024-04-05 08:13:56.8792 P2Pool Your wallet 48wY7nYBsQNSw7v4LjoNnvCtk1Y6GLNVmePGrW82gVhYhQtWJFHi6U6G3X5d7JN2ucajU9SeBcijET8ZzKWYwC3z3Y6fDEG got a payout of 0.000474598149 XMR in block 3120548
NOTICE 2024-04-05 08:13:56.8792 P2Pool Your wallet 48wY7nYBsQNSw7v4LjoNnvCtk1Y6GLNVmePGrW82gVhYhQtWJFHi6U6G3X5d7JN2ucajU9SeBcijET8ZzKWYwC3z3Y6fDEG got a payout of 0.000474598149 XMR in block 3120548
NOTICE 2024-04-05 08:13:56.8792 P2Pool Your wallet 48wY7nYBsQNSw7v4LjoNnvCtk1Y6GLNVmePGrW82gVhYhQtWJFHi6U6G3X5d7JN2ucajU9SeBcijET8ZzKWYwC3z3Y6fDEG got a payout of 0.000474598149 XMR in block 3120548
