2024-06-19T03:59:58 (258155) opening storage '1' using FileStorage
2024-06-19T03:59:58 StorageServer created RW with storages: 1:RW:/opt/prod/db4e/data/db4e-dev.fs
2024-06-19T03:59:58 listening on ('zeo.osoyalce.com', 51970)
2024-06-19T04:01:13 (258155) terminated by SIGINT
2024-06-19T04:01:13 closing storage '1'
2024-06-19T04:01:33 (258326) opening storage '1' using FileStorage
2024-06-19T04:01:33 StorageServer created RW with storages: 1:RW:/opt/prod/db4e/data/db4e-dev.fs
2024-06-19T04:01:33 listening on ('', 51970)
2024-06-19T04:01:39 Connected ZEO.asyncio.server.ServerProtocol(('', 51970))
2024-06-19T04:01:39 received handshake 'Z5'
2024-06-19T04:56:59 (:51970) disconnected
2024-06-19T04:58:48 Connected ZEO.asyncio.server.ServerProtocol(('', 51970))
2024-06-19T04:58:48 received handshake 'Z5'
2024-06-19T13:57:35 (258326) terminated by SIGINT
2024-06-19T13:57:35 closing storage '1'
2024-06-19T14:00:38 (322049) opening storage '1' using FileStorage
2024-06-19T14:00:39 StorageServer created RW with storages: 1:RW:/opt/prod/db4e/data/db4e-dev.fs
2024-06-19T14:00:39 listening on ('', 51970)
2024-06-19T14:00:39 Connected ZEO.asyncio.server.ServerProtocol(('', 51970))
2024-06-19T14:00:39 received handshake 'Z5'
2024-06-19T14:08:47 (:51970) disconnected
2024-06-19T14:12:55 Connected ZEO.asyncio.server.ServerProtocol(('', 51970))
2024-06-19T14:12:55 received handshake 'Z5'
2024-06-19T19:25:46 (:51970) disconnected
2024-06-19T19:47:03 Connected ZEO.asyncio.server.ServerProtocol(('', 51970))
2024-06-19T19:47:03 received handshake 'Z5'
2024-06-19T19:52:06 (:51970) disconnected
2024-06-19T19:52:08 Connected ZEO.asyncio.server.ServerProtocol(('', 51970))
2024-06-19T19:52:08 received handshake 'Z5'
2024-06-19T19:52:08 (:51970) disconnected
2024-06-19T19:52:49 Connected ZEO.asyncio.server.ServerProtocol(('', 51970))
2024-06-19T19:52:49 received handshake 'Z5'
2024-06-19T19:52:49 Connected ZEO.asyncio.server.ServerProtocol(('', 51970))
2024-06-19T19:52:49 received handshake 'Z5'
2024-06-19T19:54:33 (:51970) disconnected
2024-06-19T19:54:33 (:51970) disconnected
2024-06-19T19:54:34 Connected ZEO.asyncio.server.ServerProtocol(('', 51970))
2024-06-19T19:54:34 received handshake 'Z5'
2024-06-19T19:54:34 Connected ZEO.asyncio.server.ServerProtocol(('', 51970))
2024-06-19T19:54:34 received handshake 'Z5'
2024-06-19T19:55:16 (:51970) disconnected
2024-06-19T19:55:16 (:51970) disconnected
2024-06-19T19:55:19 Connected ZEO.asyncio.server.ServerProtocol(('', 51970))
2024-06-19T19:55:19 received handshake 'Z5'
2024-06-19T19:55:19 Connected ZEO.asyncio.server.ServerProtocol(('', 51970))
2024-06-19T19:55:19 received handshake 'Z5'
2024-06-19T19:57:19 (:51970) disconnected
2024-06-19T19:57:19 (:51970) disconnected
2024-06-19T19:57:21 Connected ZEO.asyncio.server.ServerProtocol(('', 51970))
2024-06-19T19:57:21 received handshake 'Z5'
2024-06-19T19:57:21 Connected ZEO.asyncio.server.ServerProtocol(('', 51970))
2024-06-19T19:57:21 received handshake 'Z5'
2024-06-19T19:57:21 (:51970) disconnected
2024-06-19T19:57:21 (:51970) disconnected
2024-06-19T19:57:42 Connected ZEO.asyncio.server.ServerProtocol(('', 51970))
2024-06-19T19:57:42 received handshake 'Z5'
2024-06-19T19:57:42 Connected ZEO.asyncio.server.ServerProtocol(('', 51970))
2024-06-19T19:57:42 received handshake 'Z5'
2024-06-19T19:57:42 (:51970) disconnected
2024-06-19T19:57:42 (:51970) disconnected
2024-06-19T19:59:10 Connected ZEO.asyncio.server.ServerProtocol(('', 51970))
2024-06-19T19:59:10 received handshake 'Z5'
2024-06-19T19:59:10 Connected ZEO.asyncio.server.ServerProtocol(('', 51970))
2024-06-19T19:59:10 received handshake 'Z5'
2024-06-19T20:02:18 (:51970) disconnected
2024-06-19T20:02:18 (:51970) disconnected
2024-06-19T20:02:21 Connected ZEO.asyncio.server.ServerProtocol(('', 51970))
2024-06-19T20:02:21 received handshake 'Z5'
2024-06-19T20:02:21 Connected ZEO.asyncio.server.ServerProtocol(('', 51970))
2024-06-19T20:02:21 received handshake 'Z5'
2024-06-19T20:02:45 (:51970) disconnected
2024-06-19T20:02:45 (:51970) disconnected
2024-06-19T20:15:54 Connected ZEO.asyncio.server.ServerProtocol(('', 51970))
2024-06-19T20:15:54 received handshake 'Z5'
2024-06-19T20:15:54 Connected ZEO.asyncio.server.ServerProtocol(('', 51970))
2024-06-19T20:15:54 received handshake 'Z5'
2024-06-19T20:21:28 (:51970) disconnected
2024-06-19T20:21:28 (:51970) disconnected
2024-06-19T20:21:31 Connected ZEO.asyncio.server.ServerProtocol(('', 51970))
2024-06-19T20:21:31 received handshake 'Z5'
2024-06-19T20:21:31 Connected ZEO.asyncio.server.ServerProtocol(('', 51970))
2024-06-19T20:21:31 received handshake 'Z5'
2024-06-19T20:21:34 (:51970) disconnected
2024-06-19T20:21:34 (:51970) disconnected
2024-06-19T20:22:24 Connected ZEO.asyncio.server.ServerProtocol(('', 51970))
2024-06-19T20:22:24 received handshake 'Z5'
2024-06-19T20:22:24 Connected ZEO.asyncio.server.ServerProtocol(('', 51970))
2024-06-19T20:22:24 received handshake 'Z5'
2024-06-19T20:22:28 (:51970) disconnected
2024-06-19T20:22:28 (:51970) disconnected
2024-06-19T20:23:20 Connected ZEO.asyncio.server.ServerProtocol(('', 51970))
2024-06-19T20:23:20 received handshake 'Z5'
2024-06-19T20:23:20 Connected ZEO.asyncio.server.ServerProtocol(('', 51970))
2024-06-19T20:23:20 received handshake 'Z5'
2024-06-19T20:23:57 (:51970) disconnected
2024-06-19T20:23:57 (:51970) disconnected
2024-06-19T20:24:00 Connected ZEO.asyncio.server.ServerProtocol(('', 51970))
2024-06-19T20:24:00 received handshake 'Z5'
2024-06-19T20:24:00 Connected ZEO.asyncio.server.ServerProtocol(('', 51970))
2024-06-19T20:24:00 received handshake 'Z5'
2024-06-19T20:26:00 Connected ZEO.asyncio.server.ServerProtocol(('', 51970))
2024-06-19T20:26:00 received handshake 'Z5'
2024-06-19T20:26:08 Connected ZEO.asyncio.server.ServerProtocol(('', 51970))
2024-06-19T20:26:08 received handshake 'Z5'
2024-06-19T20:26:08 Connected ZEO.asyncio.server.ServerProtocol(('', 51970))
2024-06-19T20:26:08 received handshake 'Z5'
2024-06-19T20:29:21 (:51970) disconnected
2024-06-19T20:29:21 (:51970) disconnected
