2024-06-19T03:59:58 (258155) opening storage '1' using FileStorage
2024-06-19T03:59:58 StorageServer created RW with storages: 1:RW:/opt/prod/db4e/data/db4e-dev.fs
2024-06-19T03:59:58 listening on ('zeo.osoyalce.com', 51970)
2024-06-19T04:01:13 (258155) terminated by SIGINT
2024-06-19T04:01:13 closing storage '1'
2024-06-19T04:01:33 (258326) opening storage '1' using FileStorage
2024-06-19T04:01:33 StorageServer created RW with storages: 1:RW:/opt/prod/db4e/data/db4e-dev.fs
2024-06-19T04:01:33 listening on ('', 51970)
2024-06-19T04:01:39 Connected ZEO.asyncio.server.ServerProtocol(('', 51970))
2024-06-19T04:01:39 received handshake 'Z5'
2024-06-19T04:56:59 (:51970) disconnected
2024-06-19T04:58:48 Connected ZEO.asyncio.server.ServerProtocol(('', 51970))
2024-06-19T04:58:48 received handshake 'Z5'
2024-06-19T13:57:35 (258326) terminated by SIGINT
2024-06-19T13:57:35 closing storage '1'
2024-06-19T14:00:38 (322049) opening storage '1' using FileStorage
2024-06-19T14:00:39 StorageServer created RW with storages: 1:RW:/opt/prod/db4e/data/db4e-dev.fs
2024-06-19T14:00:39 listening on ('', 51970)
2024-06-19T14:00:39 Connected ZEO.asyncio.server.ServerProtocol(('', 51970))
2024-06-19T14:00:39 received handshake 'Z5'
2024-06-19T14:08:47 (:51970) disconnected
2024-06-19T14:12:55 Connected ZEO.asyncio.server.ServerProtocol(('', 51970))
2024-06-19T14:12:55 received handshake 'Z5'
2024-06-19T19:25:46 (:51970) disconnected
2024-06-19T19:47:03 Connected ZEO.asyncio.server.ServerProtocol(('', 51970))
2024-06-19T19:47:03 received handshake 'Z5'
2024-06-19T19:52:06 (:51970) disconnected
2024-06-19T19:52:08 Connected ZEO.asyncio.server.ServerProtocol(('', 51970))
2024-06-19T19:52:08 received handshake 'Z5'
2024-06-19T19:52:08 (:51970) disconnected
2024-06-19T19:52:49 Connected ZEO.asyncio.server.ServerProtocol(('', 51970))
2024-06-19T19:52:49 received handshake 'Z5'
2024-06-19T19:52:49 Connected ZEO.asyncio.server.ServerProtocol(('', 51970))
2024-06-19T19:52:49 received handshake 'Z5'
2024-06-19T19:54:33 (:51970) disconnected
2024-06-19T19:54:33 (:51970) disconnected
2024-06-19T19:54:34 Connected ZEO.asyncio.server.ServerProtocol(('', 51970))
2024-06-19T19:54:34 received handshake 'Z5'
2024-06-19T19:54:34 Connected ZEO.asyncio.server.ServerProtocol(('', 51970))
2024-06-19T19:54:34 received handshake 'Z5'
2024-06-19T19:55:16 (:51970) disconnected
2024-06-19T19:55:16 (:51970) disconnected
2024-06-19T19:55:19 Connected ZEO.asyncio.server.ServerProtocol(('', 51970))
2024-06-19T19:55:19 received handshake 'Z5'
2024-06-19T19:55:19 Connected ZEO.asyncio.server.ServerProtocol(('', 51970))
2024-06-19T19:55:19 received handshake 'Z5'
2024-06-19T19:57:19 (:51970) disconnected
2024-06-19T19:57:19 (:51970) disconnected
2024-06-19T19:57:21 Connected ZEO.asyncio.server.ServerProtocol(('', 51970))
2024-06-19T19:57:21 received handshake 'Z5'
2024-06-19T19:57:21 Connected ZEO.asyncio.server.ServerProtocol(('', 51970))
2024-06-19T19:57:21 received handshake 'Z5'
2024-06-19T19:57:21 (:51970) disconnected
2024-06-19T19:57:21 (:51970) disconnected
2024-06-19T19:57:42 Connected ZEO.asyncio.server.ServerProtocol(('', 51970))
2024-06-19T19:57:42 received handshake 'Z5'
2024-06-19T19:57:42 Connected ZEO.asyncio.server.ServerProtocol(('', 51970))
2024-06-19T19:57:42 received handshake 'Z5'
2024-06-19T19:57:42 (:51970) disconnected
2024-06-19T19:57:42 (:51970) disconnected
2024-06-19T19:59:10 Connected ZEO.asyncio.server.ServerProtocol(('', 51970))
2024-06-19T19:59:10 received handshake 'Z5'
2024-06-19T19:59:10 Connected ZEO.asyncio.server.ServerProtocol(('', 51970))
2024-06-19T19:59:10 received handshake 'Z5'
2024-06-19T20:02:18 (:51970) disconnected
2024-06-19T20:02:18 (:51970) disconnected
2024-06-19T20:02:21 Connected ZEO.asyncio.server.ServerProtocol(('', 51970))
2024-06-19T20:02:21 received handshake 'Z5'
2024-06-19T20:02:21 Connected ZEO.asyncio.server.ServerProtocol(('', 51970))
2024-06-19T20:02:21 received handshake 'Z5'
2024-06-19T20:02:45 (:51970) disconnected
2024-06-19T20:02:45 (:51970) disconnected
2024-06-19T20:15:54 Connected ZEO.asyncio.server.ServerProtocol(('', 51970))
2024-06-19T20:15:54 received handshake 'Z5'
2024-06-19T20:15:54 Connected ZEO.asyncio.server.ServerProtocol(('', 51970))
2024-06-19T20:15:54 received handshake 'Z5'
2024-06-19T20:21:28 (:51970) disconnected
2024-06-19T20:21:28 (:51970) disconnected
2024-06-19T20:21:31 Connected ZEO.asyncio.server.ServerProtocol(('', 51970))
2024-06-19T20:21:31 received handshake 'Z5'
2024-06-19T20:21:31 Connected ZEO.asyncio.server.ServerProtocol(('', 51970))
2024-06-19T20:21:31 received handshake 'Z5'
2024-06-19T20:21:34 (:51970) disconnected
2024-06-19T20:21:34 (:51970) disconnected
2024-06-19T20:22:24 Connected ZEO.asyncio.server.ServerProtocol(('', 51970))
2024-06-19T20:22:24 received handshake 'Z5'
2024-06-19T20:22:24 Connected ZEO.asyncio.server.ServerProtocol(('', 51970))
2024-06-19T20:22:24 received handshake 'Z5'
2024-06-19T20:22:28 (:51970) disconnected
2024-06-19T20:22:28 (:51970) disconnected
2024-06-19T20:23:20 Connected ZEO.asyncio.server.ServerProtocol(('', 51970))
2024-06-19T20:23:20 received handshake 'Z5'
2024-06-19T20:23:20 Connected ZEO.asyncio.server.ServerProtocol(('', 51970))
2024-06-19T20:23:20 received handshake 'Z5'
2024-06-19T20:23:57 (:51970) disconnected
2024-06-19T20:23:57 (:51970) disconnected
2024-06-19T20:24:00 Connected ZEO.asyncio.server.ServerProtocol(('', 51970))
2024-06-19T20:24:00 received handshake 'Z5'
2024-06-19T20:24:00 Connected ZEO.asyncio.server.ServerProtocol(('', 51970))
2024-06-19T20:24:00 received handshake 'Z5'
2024-06-19T20:26:00 Connected ZEO.asyncio.server.ServerProtocol(('', 51970))
2024-06-19T20:26:00 received handshake 'Z5'
2024-06-19T20:26:08 Connected ZEO.asyncio.server.ServerProtocol(('', 51970))
2024-06-19T20:26:08 received handshake 'Z5'
2024-06-19T20:26:08 Connected ZEO.asyncio.server.ServerProtocol(('', 51970))
2024-06-19T20:26:08 received handshake 'Z5'
2024-06-19T20:29:21 (:51970) disconnected
2024-06-19T20:29:21 (:51970) disconnected
2024-06-19T20:46:14 (:51970) disconnected
2024-06-19T20:46:14 (:51970) disconnected
2024-06-19T20:46:14 (:51970) disconnected
2024-06-19T21:19:33 Connected ZEO.asyncio.server.ServerProtocol(('', 51970))
2024-06-19T21:19:33 received handshake 'Z5'
2024-06-19T21:19:33 Connected ZEO.asyncio.server.ServerProtocol(('', 51970))
2024-06-19T21:19:33 received handshake 'Z5'
2024-06-19T21:19:42 (:51970) disconnected
2024-06-19T21:19:43 (:51970) disconnected
2024-06-19T21:19:45 Connected ZEO.asyncio.server.ServerProtocol(('', 51970))
2024-06-19T21:19:45 received handshake 'Z5'
2024-06-19T21:19:45 Connected ZEO.asyncio.server.ServerProtocol(('', 51970))
2024-06-19T21:19:45 received handshake 'Z5'
2024-06-19T21:21:14 (:51970) disconnected
2024-06-19T21:21:14 (:51970) disconnected
2024-06-19T21:25:21 Connected ZEO.asyncio.server.ServerProtocol(('', 51970))
2024-06-19T21:25:21 received handshake 'Z5'
2024-06-19T21:25:21 Connected ZEO.asyncio.server.ServerProtocol(('', 51970))
2024-06-19T21:25:21 received handshake 'Z5'
2024-06-19T21:25:30 (:51970) disconnected
2024-06-19T21:25:30 (:51970) disconnected
2024-06-19T21:26:02 Connected ZEO.asyncio.server.ServerProtocol(('', 51970))
2024-06-19T21:26:02 received handshake 'Z5'
2024-06-19T21:26:15 Connected ZEO.asyncio.server.ServerProtocol(('', 51970))
2024-06-19T21:26:15 received handshake 'Z5'
2024-06-19T21:26:15 Connected ZEO.asyncio.server.ServerProtocol(('', 51970))
2024-06-19T21:26:15 received handshake 'Z5'
2024-06-19T21:33:20 (:51970) disconnected
2024-06-19T21:33:20 (:51970) disconnected
2024-06-19T21:34:15 Connected ZEO.asyncio.server.ServerProtocol(('', 51970))
2024-06-19T21:34:15 received handshake 'Z5'
2024-06-19T21:34:15 Connected ZEO.asyncio.server.ServerProtocol(('', 51970))
2024-06-19T21:34:15 received handshake 'Z5'
2024-06-19T21:37:31 (:51970) disconnected
2024-06-19T21:37:31 (:51970) disconnected
2024-06-19T22:02:30 (:51970) disconnected
2024-06-19T22:02:48 Connected ZEO.asyncio.server.ServerProtocol(('', 51970))
2024-06-19T22:02:48 received handshake 'Z5'
2024-06-19T22:02:48 Connected ZEO.asyncio.server.ServerProtocol(('', 51970))
2024-06-19T22:02:48 received handshake 'Z5'
2024-06-19T22:11:59 Connected ZEO.asyncio.server.ServerProtocol(('', 51970))
2024-06-19T22:11:59 received handshake 'Z5'
2024-06-19T22:11:59 (:51970) disconnected
2024-06-19T22:12:51 Connected ZEO.asyncio.server.ServerProtocol(('', 51970))
2024-06-19T22:12:51 received handshake 'Z5'
2024-06-19T22:12:57 Connected ZEO.asyncio.server.ServerProtocol(('', 51970))
2024-06-19T22:12:57 received handshake 'Z5'
2024-06-19T22:12:57 Connected ZEO.asyncio.server.ServerProtocol(('', 51970))
2024-06-19T22:12:57 received handshake 'Z5'
2024-06-19T22:13:50 (:51970) disconnected
2024-06-19T22:13:50 (:51970) disconnected
2024-06-19T22:15:41 (:51970) disconnected
2024-06-19T22:15:43 (:51970) disconnected
2024-06-19T22:15:43 (:51970) disconnected
2024-06-19T22:17:38 Connected ZEO.asyncio.server.ServerProtocol(('', 51970))
2024-06-19T22:17:38 received handshake 'Z5'
2024-06-19T22:17:38 Connected ZEO.asyncio.server.ServerProtocol(('', 51970))
2024-06-19T22:17:38 received handshake 'Z5'
2024-06-19T22:17:47 (:51970) disconnected
2024-06-19T22:17:47 (:51970) disconnected
2024-06-19T22:18:24 Connected ZEO.asyncio.server.ServerProtocol(('', 51970))
2024-06-19T22:18:24 received handshake 'Z5'
2024-06-19T22:18:24 Connected ZEO.asyncio.server.ServerProtocol(('', 51970))
2024-06-19T22:18:24 received handshake 'Z5'
2024-06-19T22:18:35 (:51970) disconnected
2024-06-19T22:18:35 (:51970) disconnected
2024-06-19T22:29:19 Connected ZEO.asyncio.server.ServerProtocol(('', 51970))
2024-06-19T22:29:19 received handshake 'Z5'
2024-06-19T22:29:19 Connected ZEO.asyncio.server.ServerProtocol(('', 51970))
2024-06-19T22:29:19 received handshake 'Z5'
2024-06-19T22:29:30 (:51970) disconnected
2024-06-19T22:29:30 (:51970) disconnected
2024-06-19T22:29:37 Connected ZEO.asyncio.server.ServerProtocol(('', 51970))
2024-06-19T22:29:37 received handshake 'Z5'
2024-06-19T22:29:37 Connected ZEO.asyncio.server.ServerProtocol(('', 51970))
2024-06-19T22:29:37 received handshake 'Z5'
2024-06-19T22:31:04 (322049) terminated by SIGINT
2024-06-19T22:31:04 closing storage '1'
2024-06-19T22:31:41 (369347) opening storage '1' using FileStorage
2024-06-19T22:31:41 StorageServer created RW with storages: 1:RW:/opt/prod/db4e/data/db4e.fs
2024-06-19T22:31:41 listening on ('', 51970)
2024-06-19T22:31:42 Connected ZEO.asyncio.server.ServerProtocol(('', 51970))
2024-06-19T22:31:42 received handshake 'Z5'
2024-06-19T22:31:42 (:51970) disconnected
2024-06-19T22:31:43 Connected ZEO.asyncio.server.ServerProtocol(('', 51970))
2024-06-19T22:31:43 received handshake 'Z5'
2024-06-19T22:31:43 (:51970) disconnected
2024-06-19T22:31:47 Connected ZEO.asyncio.server.ServerProtocol(('', 51970))
2024-06-19T22:31:47 received handshake 'Z5'
2024-06-19T22:31:47 (:51970) disconnected
2024-06-19T22:31:52 Connected ZEO.asyncio.server.ServerProtocol(('', 51970))
2024-06-19T22:31:52 received handshake 'Z5'
2024-06-19T22:31:52 tid to old for invq 286366999706972518 < 286367080995289992
2024-06-19T22:31:53 Connected ZEO.asyncio.server.ServerProtocol(('', 51970))
2024-06-19T22:31:53 received handshake 'Z5'
2024-06-19T22:31:53 tid to old for invq 286366999706972518 < 286367080995289992
2024-06-19T23:47:06 Connected ZEO.asyncio.server.ServerProtocol(('', 51970))
2024-06-19T23:47:06 received handshake 'Z5'
2024-06-19T23:47:06 (:51970) disconnected
2024-06-19T23:48:00 Connected ZEO.asyncio.server.ServerProtocol(('', 51970))
2024-06-19T23:48:00 received handshake 'Z5'
2024-06-19T23:48:00 (:51970) disconnected
2024-06-19T23:48:24 Connected ZEO.asyncio.server.ServerProtocol(('', 51970))
2024-06-19T23:48:24 received handshake 'Z5'
2024-06-19T23:48:25 (:51970) disconnected
2024-06-19T23:48:55 Connected ZEO.asyncio.server.ServerProtocol(('', 51970))
2024-06-19T23:48:55 received handshake 'Z5'
2024-06-19T23:48:55 (:51970) disconnected
2024-06-19T23:49:20 Connected ZEO.asyncio.server.ServerProtocol(('', 51970))
2024-06-19T23:49:20 received handshake 'Z5'
2024-06-19T23:49:25 Connected ZEO.asyncio.server.ServerProtocol(('', 51970))
2024-06-19T23:49:25 received handshake 'Z5'
2024-06-19T23:49:25 Connected ZEO.asyncio.server.ServerProtocol(('', 51970))
2024-06-19T23:49:25 received handshake 'Z5'
2024-06-19T23:49:35 Connected ZEO.asyncio.server.ServerProtocol(('', 51970))
2024-06-19T23:49:35 received handshake 'Z5'
2024-06-19T23:49:35 Connected ZEO.asyncio.server.ServerProtocol(('', 51970))
2024-06-19T23:49:35 received handshake 'Z5'
2024-06-19T23:49:35 Connected ZEO.asyncio.server.ServerProtocol(('', 51970))
2024-06-19T23:49:35 received handshake 'Z5'
2024-06-19T23:49:38 Connected ZEO.asyncio.server.ServerProtocol(('', 51970))
2024-06-19T23:49:38 received handshake 'Z5'
2024-06-19T23:49:38 Connected ZEO.asyncio.server.ServerProtocol(('', 51970))
2024-06-19T23:49:38 received handshake 'Z5'
2024-06-19T23:49:38 Connected ZEO.asyncio.server.ServerProtocol(('', 51970))
2024-06-19T23:49:38 received handshake 'Z5'
2024-06-19T23:49:40 (:51970) disconnected
2024-06-19T23:49:40 (:51970) disconnected
2024-06-19T23:49:40 (:51970) disconnected
2024-06-19T23:49:40 (:51970) disconnected
2024-06-19T23:49:40 (:51970) disconnected
2024-06-19T23:49:40 (:51970) disconnected
2024-06-19T23:49:40 (:51970) disconnected
2024-06-19T23:49:40 (:51970) disconnected
2024-06-19T23:49:40 (:51970) disconnected
2024-06-19T23:49:44 Connected ZEO.asyncio.server.ServerProtocol(('', 51970))
2024-06-19T23:49:44 received handshake 'Z5'
2024-06-19T23:49:44 Connected ZEO.asyncio.server.ServerProtocol(('', 51970))
2024-06-19T23:49:44 received handshake 'Z5'
2024-06-19T23:49:44 Connected ZEO.asyncio.server.ServerProtocol(('', 51970))
2024-06-19T23:49:44 received handshake 'Z5'
2024-06-19T23:50:20 (:51970) disconnected
2024-06-19T23:50:20 (:51970) disconnected
2024-06-19T23:50:20 (:51970) disconnected
2024-06-19T23:50:29 Connected ZEO.asyncio.server.ServerProtocol(('', 51970))
2024-06-19T23:50:29 received handshake 'Z5'
2024-06-19T23:50:29 Connected ZEO.asyncio.server.ServerProtocol(('', 51970))
2024-06-19T23:50:29 received handshake 'Z5'
2024-06-19T23:50:29 Connected ZEO.asyncio.server.ServerProtocol(('', 51970))
2024-06-19T23:50:29 received handshake 'Z5'
2024-06-19T23:51:37 Connected ZEO.asyncio.server.ServerProtocol(('', 51970))
2024-06-19T23:51:37 received handshake 'Z5'
2024-06-19T23:51:37 Connected ZEO.asyncio.server.ServerProtocol(('', 51970))
2024-06-19T23:51:37 received handshake 'Z5'
2024-06-19T23:51:37 Connected ZEO.asyncio.server.ServerProtocol(('', 51970))
2024-06-19T23:51:37 received handshake 'Z5'
2024-06-19T23:52:19 (:51970) disconnected
2024-06-19T23:52:19 (:51970) disconnected
2024-06-19T23:52:19 (:51970) disconnected
2024-06-19T23:52:26 Connected ZEO.asyncio.server.ServerProtocol(('', 51970))
2024-06-19T23:52:26 received handshake 'Z5'
2024-06-19T23:52:26 Connected ZEO.asyncio.server.ServerProtocol(('', 51970))
2024-06-19T23:52:26 received handshake 'Z5'
2024-06-19T23:52:26 Connected ZEO.asyncio.server.ServerProtocol(('', 51970))
2024-06-19T23:52:26 received handshake 'Z5'
2024-06-20T00:09:59 Connected ZEO.asyncio.server.ServerProtocol(('', 51970))
2024-06-20T00:09:59 received handshake 'Z5'
2024-06-20T00:09:59 Connected ZEO.asyncio.server.ServerProtocol(('', 51970))
2024-06-20T00:09:59 received handshake 'Z5'
2024-06-20T00:09:59 Connected ZEO.asyncio.server.ServerProtocol(('', 51970))
2024-06-20T00:09:59 received handshake 'Z5'
2024-06-20T00:10:55 (:51970) disconnected
2024-06-20T00:10:55 (:51970) disconnected
2024-06-20T00:10:55 (:51970) disconnected
2024-06-20T00:10:58 Connected ZEO.asyncio.server.ServerProtocol(('', 51970))
2024-06-20T00:10:58 received handshake 'Z5'
2024-06-20T00:10:58 Connected ZEO.asyncio.server.ServerProtocol(('', 51970))
2024-06-20T00:10:58 received handshake 'Z5'
2024-06-20T00:10:58 Connected ZEO.asyncio.server.ServerProtocol(('', 51970))
2024-06-20T00:10:58 received handshake 'Z5'
2024-06-20T00:11:43 (:51970) disconnected
2024-06-20T00:11:43 (:51970) disconnected
2024-06-20T00:11:43 (:51970) disconnected
2024-06-20T00:11:45 Connected ZEO.asyncio.server.ServerProtocol(('', 51970))
2024-06-20T00:11:45 received handshake 'Z5'
2024-06-20T00:11:45 Connected ZEO.asyncio.server.ServerProtocol(('', 51970))
2024-06-20T00:11:45 received handshake 'Z5'
2024-06-20T00:11:45 Connected ZEO.asyncio.server.ServerProtocol(('', 51970))
2024-06-20T00:11:45 received handshake 'Z5'
2024-06-20T00:12:17 (:51970) disconnected
2024-06-20T00:12:17 (:51970) disconnected
2024-06-20T00:12:17 (:51970) disconnected
2024-06-20T00:12:19 Connected ZEO.asyncio.server.ServerProtocol(('', 51970))
2024-06-20T00:12:19 received handshake 'Z5'
2024-06-20T00:12:19 Connected ZEO.asyncio.server.ServerProtocol(('', 51970))
2024-06-20T00:12:19 received handshake 'Z5'
2024-06-20T00:12:19 Connected ZEO.asyncio.server.ServerProtocol(('', 51970))
2024-06-20T00:12:19 received handshake 'Z5'
2024-06-20T00:12:38 (:51970) disconnected
2024-06-20T00:12:38 (:51970) disconnected
2024-06-20T00:12:38 (:51970) disconnected
2024-06-20T00:12:40 Connected ZEO.asyncio.server.ServerProtocol(('', 51970))
2024-06-20T00:12:40 received handshake 'Z5'
2024-06-20T00:12:41 Connected ZEO.asyncio.server.ServerProtocol(('', 51970))
2024-06-20T00:12:41 received handshake 'Z5'
2024-06-20T00:12:41 Connected ZEO.asyncio.server.ServerProtocol(('', 51970))
2024-06-20T00:12:41 received handshake 'Z5'
2024-06-20T00:12:53 (:51970) disconnected
2024-06-20T00:12:53 (:51970) disconnected
2024-06-20T00:12:53 (:51970) disconnected
2024-06-20T00:12:54 Connected ZEO.asyncio.server.ServerProtocol(('', 51970))
2024-06-20T00:12:54 received handshake 'Z5'
2024-06-20T00:12:54 Connected ZEO.asyncio.server.ServerProtocol(('', 51970))
2024-06-20T00:12:54 received handshake 'Z5'
2024-06-20T00:12:54 Connected ZEO.asyncio.server.ServerProtocol(('', 51970))
2024-06-20T00:12:54 received handshake 'Z5'
2024-06-20T00:13:05 Connected ZEO.asyncio.server.ServerProtocol(('', 51970))
2024-06-20T00:13:05 received handshake 'Z5'
2024-06-20T00:13:05 Connected ZEO.asyncio.server.ServerProtocol(('', 51970))
2024-06-20T00:13:05 received handshake 'Z5'
2024-06-20T00:13:05 Connected ZEO.asyncio.server.ServerProtocol(('', 51970))
2024-06-20T00:13:05 received handshake 'Z5'
2024-06-20T02:54:54 Connected ZEO.asyncio.server.ServerProtocol(('', 51970))
2024-06-20T02:54:54 received handshake 'Z5'
2024-06-20T02:54:54 Connected ZEO.asyncio.server.ServerProtocol(('', 51970))
2024-06-20T02:54:54 received handshake 'Z5'
2024-06-20T02:54:54 Connected ZEO.asyncio.server.ServerProtocol(('', 51970))
2024-06-20T02:54:54 received handshake 'Z5'
2024-06-20T02:56:20 Connected ZEO.asyncio.server.ServerProtocol(('', 51970))
2024-06-20T02:56:20 received handshake 'Z5'
2024-06-20T02:56:20 Connected ZEO.asyncio.server.ServerProtocol(('', 51970))
2024-06-20T02:56:20 received handshake 'Z5'
2024-06-20T02:56:20 Connected ZEO.asyncio.server.ServerProtocol(('', 51970))
2024-06-20T02:56:20 received handshake 'Z5'
2024-06-20T03:07:01 (:51970) disconnected
2024-06-20T03:07:01 (:51970) disconnected
2024-06-20T03:07:06 Connected ZEO.asyncio.server.ServerProtocol(('', 51970))
2024-06-20T03:07:06 received handshake 'Z5'
2024-06-20T03:07:06 Connected ZEO.asyncio.server.ServerProtocol(('', 51970))
2024-06-20T03:07:06 received handshake 'Z5'
2024-06-20T03:07:06 Connected ZEO.asyncio.server.ServerProtocol(('', 51970))
2024-06-20T03:07:06 received handshake 'Z5'
2024-06-20T03:07:44 (:51970) disconnected
2024-06-20T03:07:44 (:51970) disconnected
2024-06-20T03:07:44 (:51970) disconnected
2024-06-20T03:07:44 (:51970) disconnected
2024-06-20T03:07:44 (:51970) disconnected
2024-06-20T03:07:44 (:51970) disconnected
2024-06-20T03:08:15 Connected ZEO.asyncio.server.ServerProtocol(('', 51970))
2024-06-20T03:08:15 received handshake 'Z5'
2024-06-20T03:08:15 Connected ZEO.asyncio.server.ServerProtocol(('', 51970))
2024-06-20T03:08:15 received handshake 'Z5'
2024-06-20T03:08:15 Connected ZEO.asyncio.server.ServerProtocol(('', 51970))
2024-06-20T03:08:15 received handshake 'Z5'
2024-06-20T03:09:32 Connected ZEO.asyncio.server.ServerProtocol(('', 51970))
2024-06-20T03:09:32 received handshake 'Z5'
2024-06-20T03:09:32 Connected ZEO.asyncio.server.ServerProtocol(('', 51970))
2024-06-20T03:09:32 received handshake 'Z5'
2024-06-20T03:09:32 Connected ZEO.asyncio.server.ServerProtocol(('', 51970))
2024-06-20T03:09:32 received handshake 'Z5'
2024-06-20T03:09:44 Connected ZEO.asyncio.server.ServerProtocol(('', 51970))
2024-06-20T03:09:44 received handshake 'Z5'
2024-06-20T03:09:44 Connected ZEO.asyncio.server.ServerProtocol(('', 51970))
2024-06-20T03:09:44 received handshake 'Z5'
2024-06-20T03:09:44 Connected ZEO.asyncio.server.ServerProtocol(('', 51970))
2024-06-20T03:09:44 received handshake 'Z5'
2024-06-20T03:12:20 (:51970) disconnected
2024-06-20T03:12:20 (:51970) disconnected
2024-06-20T03:12:20 (:51970) disconnected
2024-06-20T03:12:47 Connected ZEO.asyncio.server.ServerProtocol(('', 51970))
2024-06-20T03:12:47 received handshake 'Z5'
2024-06-20T03:12:47 Connected ZEO.asyncio.server.ServerProtocol(('', 51970))
2024-06-20T03:12:47 received handshake 'Z5'
2024-06-20T03:12:47 Connected ZEO.asyncio.server.ServerProtocol(('', 51970))
2024-06-20T03:12:47 received handshake 'Z5'
2024-06-20T03:13:01 Connected ZEO.asyncio.server.ServerProtocol(('', 51970))
2024-06-20T03:13:01 received handshake 'Z5'
2024-06-20T03:13:01 Connected ZEO.asyncio.server.ServerProtocol(('', 51970))
2024-06-20T03:13:01 received handshake 'Z5'
2024-06-20T03:13:01 Connected ZEO.asyncio.server.ServerProtocol(('', 51970))
2024-06-20T03:13:01 received handshake 'Z5'
2024-06-20T03:13:12 (:51970) disconnected
2024-06-20T03:13:12 (:51970) disconnected
2024-06-20T03:13:12 (:51970) disconnected
2024-06-20T03:14:42 Connected ZEO.asyncio.server.ServerProtocol(('', 51970))
2024-06-20T03:14:42 received handshake 'Z5'
2024-06-20T03:14:43 Connected ZEO.asyncio.server.ServerProtocol(('', 51970))
2024-06-20T03:14:43 received handshake 'Z5'
2024-06-20T03:14:43 Connected ZEO.asyncio.server.ServerProtocol(('', 51970))
2024-06-20T03:14:43 received handshake 'Z5'
2024-06-20T03:14:48 Connected ZEO.asyncio.server.ServerProtocol(('', 51970))
2024-06-20T03:14:48 received handshake 'Z5'
2024-06-20T03:14:48 Connected ZEO.asyncio.server.ServerProtocol(('', 51970))
2024-06-20T03:14:48 received handshake 'Z5'
2024-06-20T03:14:48 Connected ZEO.asyncio.server.ServerProtocol(('', 51970))
2024-06-20T03:14:48 received handshake 'Z5'
2024-06-20T03:17:45 (:51970) disconnected
2024-06-20T03:17:45 (:51970) disconnected
2024-06-20T03:17:45 (:51970) disconnected
2024-06-20T03:17:45 (:51970) disconnected
2024-06-20T03:17:45 (:51970) disconnected
2024-06-20T03:17:45 (:51970) disconnected
2024-06-20T03:17:48 (:51970) disconnected
2024-06-20T03:17:48 (:51970) disconnected
2024-06-20T03:17:48 (:51970) disconnected
2024-06-20T03:17:48 (:51970) disconnected
2024-06-20T03:17:48 (:51970) disconnected
2024-06-20T03:17:48 (:51970) disconnected
2024-06-20T03:18:12 (:51970) disconnected
2024-06-20T03:18:12 (:51970) disconnected
2024-06-20T03:18:12 (:51970) disconnected
2024-06-20T03:18:42 (:51970) disconnected
2024-06-20T03:18:42 (:51970) disconnected
2024-06-20T03:18:42 (:51970) disconnected
2024-06-20T03:18:42 (:51970) disconnected
2024-06-20T03:18:42 (:51970) disconnected
2024-06-20T03:18:42 (:51970) disconnected
2024-06-20T03:18:42 (:51970) disconnected
2024-06-20T03:18:42 (:51970) disconnected
2024-06-20T03:18:42 (:51970) disconnected
2024-06-20T03:18:42 (:51970) disconnected
2024-06-20T03:18:42 (:51970) disconnected
2024-06-20T03:18:42 (:51970) disconnected
2024-06-20T03:18:46 (:51970) disconnected
2024-06-20T03:18:46 (:51970) disconnected
2024-06-20T03:18:46 (:51970) disconnected
2024-06-20T03:19:01 Connected ZEO.asyncio.server.ServerProtocol(('', 51970))
2024-06-20T03:19:01 received handshake 'Z5'
2024-06-20T03:19:01 Connected ZEO.asyncio.server.ServerProtocol(('', 51970))
2024-06-20T03:19:01 received handshake 'Z5'
2024-06-20T03:19:01 Connected ZEO.asyncio.server.ServerProtocol(('', 51970))
2024-06-20T03:19:01 received handshake 'Z5'
2024-06-20T03:19:01 (:51970) disconnected
2024-06-20T03:19:01 (:51970) disconnected
2024-06-20T03:19:01 (:51970) disconnected
2024-06-20T03:21:27 Connected ZEO.asyncio.server.ServerProtocol(('', 51970))
2024-06-20T03:21:27 received handshake 'Z5'
2024-06-20T03:21:27 Connected ZEO.asyncio.server.ServerProtocol(('', 51970))
2024-06-20T03:21:27 received handshake 'Z5'
2024-06-20T03:21:27 Connected ZEO.asyncio.server.ServerProtocol(('', 51970))
2024-06-20T03:21:27 received handshake 'Z5'
2024-06-20T03:21:27 (:51970) disconnected
2024-06-20T03:21:27 (:51970) disconnected
2024-06-20T03:21:27 (:51970) disconnected
2024-06-20T03:21:41 Connected ZEO.asyncio.server.ServerProtocol(('', 51970))
2024-06-20T03:21:41 received handshake 'Z5'
2024-06-20T03:21:41 Connected ZEO.asyncio.server.ServerProtocol(('', 51970))
2024-06-20T03:21:41 received handshake 'Z5'
2024-06-20T03:21:41 Connected ZEO.asyncio.server.ServerProtocol(('', 51970))
2024-06-20T03:21:41 received handshake 'Z5'
2024-06-20T03:21:41 (:51970) disconnected
2024-06-20T03:21:41 (:51970) disconnected
2024-06-20T03:21:41 (:51970) disconnected
2024-06-20T03:26:14 Connected ZEO.asyncio.server.ServerProtocol(('', 51970))
2024-06-20T03:26:14 received handshake 'Z5'
2024-06-20T03:26:14 Connected ZEO.asyncio.server.ServerProtocol(('', 51970))
2024-06-20T03:26:14 received handshake 'Z5'
2024-06-20T03:26:15 Connected ZEO.asyncio.server.ServerProtocol(('', 51970))
2024-06-20T03:26:15 received handshake 'Z5'
2024-06-20T03:26:15 (:51970) disconnected
2024-06-20T03:26:15 (:51970) disconnected
2024-06-20T03:26:15 (:51970) disconnected
2024-06-20T03:27:46 Connected ZEO.asyncio.server.ServerProtocol(('', 51970))
2024-06-20T03:27:46 received handshake 'Z5'
2024-06-20T03:27:46 Connected ZEO.asyncio.server.ServerProtocol(('', 51970))
2024-06-20T03:27:46 received handshake 'Z5'
2024-06-20T03:27:46 Connected ZEO.asyncio.server.ServerProtocol(('', 51970))
2024-06-20T03:27:46 received handshake 'Z5'
2024-06-20T03:27:46 (:51970) disconnected
2024-06-20T03:27:46 (:51970) disconnected
2024-06-20T03:27:46 (:51970) disconnected
2024-06-20T03:29:30 Connected ZEO.asyncio.server.ServerProtocol(('', 51970))
2024-06-20T03:29:30 received handshake 'Z5'
2024-06-20T03:29:30 Connected ZEO.asyncio.server.ServerProtocol(('', 51970))
2024-06-20T03:29:30 received handshake 'Z5'
2024-06-20T03:29:30 Connected ZEO.asyncio.server.ServerProtocol(('', 51970))
2024-06-20T03:29:30 received handshake 'Z5'
2024-06-20T03:29:30 (:51970) disconnected
2024-06-20T03:29:30 (:51970) disconnected
2024-06-20T03:29:30 (:51970) disconnected
2024-06-20T03:31:15 Connected ZEO.asyncio.server.ServerProtocol(('', 51970))
2024-06-20T03:31:15 received handshake 'Z5'
2024-06-20T03:31:15 Connected ZEO.asyncio.server.ServerProtocol(('', 51970))
2024-06-20T03:31:15 received handshake 'Z5'
2024-06-20T03:31:15 Connected ZEO.asyncio.server.ServerProtocol(('', 51970))
2024-06-20T03:31:15 received handshake 'Z5'
2024-06-20T03:31:15 (:51970) disconnected
2024-06-20T03:31:15 (:51970) disconnected
2024-06-20T03:31:15 (:51970) disconnected
2024-06-20T03:33:28 (369347) terminated by SIGINT
2024-06-20T03:33:28 closing storage '1'
2024-06-20T03:45:43 (397720) opening storage '1' using FileStorage
2024-06-20T03:45:43 StorageServer created RW with storages: 1:RW:/opt/prod/db4e/data/db4e.fs
2024-06-20T03:45:43 listening on ('', 51970)
2024-06-20T03:46:00 Connected ZEO.asyncio.server.ServerProtocol(('', 51970))
2024-06-20T03:46:00 received handshake 'Z5'
2024-06-20T03:46:00 Connected ZEO.asyncio.server.ServerProtocol(('', 51970))
2024-06-20T03:46:00 received handshake 'Z5'
2024-06-20T03:46:00 Connected ZEO.asyncio.server.ServerProtocol(('', 51970))
2024-06-20T03:46:00 received handshake 'Z5'
2024-06-20T03:46:12 (:51970) disconnected
2024-06-20T03:46:12 (:51970) disconnected
2024-06-20T03:46:12 (:51970) disconnected
2024-06-20T06:08:18 Connected ZEO.asyncio.server.ServerProtocol(('', 51970))
2024-06-20T06:08:18 received handshake 'Z5'
2024-06-20T06:08:18 Connected ZEO.asyncio.server.ServerProtocol(('', 51970))
2024-06-20T06:08:18 received handshake 'Z5'
2024-06-20T06:08:18 Connected ZEO.asyncio.server.ServerProtocol(('', 51970))
2024-06-20T06:08:18 received handshake 'Z5'
2024-06-20T06:10:11 (:51970) disconnected
2024-06-20T06:10:11 (:51970) disconnected
2024-06-20T06:10:11 (:51970) disconnected
2024-06-20T06:12:22 Connected ZEO.asyncio.server.ServerProtocol(('', 51970))
2024-06-20T06:12:22 received handshake 'Z5'
2024-06-20T06:12:22 Connected ZEO.asyncio.server.ServerProtocol(('', 51970))
2024-06-20T06:12:22 received handshake 'Z5'
2024-06-20T06:12:22 Connected ZEO.asyncio.server.ServerProtocol(('', 51970))
2024-06-20T06:12:22 received handshake 'Z5'
2024-06-20T10:13:36 Connected ZEO.asyncio.server.ServerProtocol(('', 51970))
2024-06-20T10:13:36 received handshake 'Z5'
2024-06-20T10:13:36 Connected ZEO.asyncio.server.ServerProtocol(('', 51970))
2024-06-20T10:13:36 received handshake 'Z5'
2024-06-20T10:13:36 Connected ZEO.asyncio.server.ServerProtocol(('', 51970))
2024-06-20T10:13:36 received handshake 'Z5'
2024-06-20T10:13:36 Connected ZEO.asyncio.server.ServerProtocol(('', 51970))
2024-06-20T10:13:36 received handshake 'Z5'
2024-06-20T10:51:23 Connected ZEO.asyncio.server.ServerProtocol(('', 51970))
2024-06-20T10:51:23 received handshake 'Z5'
2024-06-20T10:51:23 Connected ZEO.asyncio.server.ServerProtocol(('', 51970))
2024-06-20T10:51:23 received handshake 'Z5'
2024-06-20T10:51:23 Connected ZEO.asyncio.server.ServerProtocol(('', 51970))
2024-06-20T10:51:23 received handshake 'Z5'
2024-06-20T10:51:23 Connected ZEO.asyncio.server.ServerProtocol(('', 51970))
2024-06-20T10:51:23 received handshake 'Z5'
2024-06-20T15:44:08 Connected ZEO.asyncio.server.ServerProtocol(('', 51970))
2024-06-20T15:44:08 received handshake 'Z5'
2024-06-20T15:44:08 Connected ZEO.asyncio.server.ServerProtocol(('', 51970))
2024-06-20T15:44:08 received handshake 'Z5'
2024-06-20T15:44:08 Connected ZEO.asyncio.server.ServerProtocol(('', 51970))
2024-06-20T15:44:08 received handshake 'Z5'
2024-06-20T15:44:08 Connected ZEO.asyncio.server.ServerProtocol(('', 51970))
2024-06-20T15:44:08 received handshake 'Z5'
2024-06-20T15:59:54 Connected ZEO.asyncio.server.ServerProtocol(('', 51970))
2024-06-20T15:59:54 received handshake 'Z5'
2024-06-20T15:59:54 Connected ZEO.asyncio.server.ServerProtocol(('', 51970))
2024-06-20T15:59:54 received handshake 'Z5'
2024-06-20T15:59:54 Connected ZEO.asyncio.server.ServerProtocol(('', 51970))
2024-06-20T15:59:54 received handshake 'Z5'
2024-06-20T15:59:54 Connected ZEO.asyncio.server.ServerProtocol(('', 51970))
2024-06-20T15:59:54 received handshake 'Z5'
2024-06-20T16:18:40 Connected ZEO.asyncio.server.ServerProtocol(('', 51970))
2024-06-20T16:18:40 received handshake 'Z5'
2024-06-20T16:18:40 Connected ZEO.asyncio.server.ServerProtocol(('', 51970))
2024-06-20T16:18:40 received handshake 'Z5'
2024-06-20T16:18:40 Connected ZEO.asyncio.server.ServerProtocol(('', 51970))
2024-06-20T16:18:40 received handshake 'Z5'
2024-06-20T16:18:40 Connected ZEO.asyncio.server.ServerProtocol(('', 51970))
2024-06-20T16:18:40 received handshake 'Z5'
2024-06-20T16:39:48 (397720) terminated by SIGINT
2024-06-20T16:39:48 closing storage '1'
2024-06-20T19:48:14 (487690) opening storage '1' using FileStorage
2024-06-20T19:48:14 StorageServer created RW with storages: 1:RW:/opt/prod/db4e/data/db4e.fs
2024-06-20T19:48:14 listening on ('', 51972)
2024-06-20T20:13:34 (487690) terminated by SIGINT
2024-06-20T20:13:34 closing storage '1'
2024-06-20T20:13:45 (490883) opening storage '1' using FileStorage
2024-06-20T20:13:45 StorageServer created RW with storages: 1:RW:/opt/prod/db4e/data/db4e.fs
2024-06-20T20:13:45 listening on ('', 51972)
2024-06-20T21:19:58 Connected ZEO.asyncio.server.ServerProtocol(('', 51972))
2024-06-20T21:19:58 received handshake 'Z5'
2024-06-20T21:20:12 (:51972) disconnected
2024-06-20T21:20:48 Connected ZEO.asyncio.server.ServerProtocol(('', 51972))
2024-06-20T21:20:48 received handshake 'Z5'
2024-06-20T21:20:53 Connected ZEO.asyncio.server.ServerProtocol(('', 51972))
2024-06-20T21:20:53 received handshake 'Z5'
2024-06-20T21:21:10 (:51972) disconnected
2024-06-20T21:21:10 (:51972) disconnected
2024-06-20T21:55:46 (490883) terminated by SIGINT
2024-06-20T21:55:46 closing storage '1'
2024-06-20T21:55:54 (505083) opening storage '1' using FileStorage
2024-06-20T21:55:54 StorageServer created RW with storages: 1:RW:/opt/prod/db4e/data/db4e.fs
2024-06-20T21:55:54 listening on ('', 51972)
2024-06-20T21:56:20 (505083) terminated by SIGTERM
2024-06-20T21:56:20 closing storage '1'
2024-06-20T21:56:21 (505118) opening storage '1' using FileStorage
2024-06-20T21:56:21 StorageServer created RW with storages: 1:RW:/opt/prod/db4e/data/db4e.fs
2024-06-20T21:56:21 listening on ('', 51972)
2024-06-20T23:55:38 (505118) terminated by SIGTERM
2024-06-20T23:55:38 closing storage '1'
2024-06-21T00:16:36 (523371) opening storage '1' using FileStorage
2024-06-21T00:16:36 StorageServer created RW with storages: 1:RW:/opt/prod/db4e/data/db4e.fs
2024-06-21T00:16:36 listening on ('', 51972)
2024-06-21T00:16:37 Connected ZEO.asyncio.server.ServerProtocol(('', 51972))
2024-06-21T00:16:37 received handshake 'Z5'
2024-06-21T00:16:58 Connected ZEO.asyncio.server.ServerProtocol(('', 51972))
2024-06-21T00:16:58 received handshake 'Z5'
2024-06-21T00:17:30 (:51972) disconnected
2024-06-21T00:26:09 Connected ZEO.asyncio.server.ServerProtocol(('', 51972))
2024-06-21T00:26:09 received handshake 'Z5'
2024-06-21T02:00:46 Connected ZEO.asyncio.server.ServerProtocol(('', 51972))
2024-06-21T02:00:46 received handshake 'Z5'
2024-06-21T02:20:57 Connected ZEO.asyncio.server.ServerProtocol(('', 51972))
2024-06-21T02:20:57 received handshake 'Z5'
2024-06-21T03:07:36 Connected ZEO.asyncio.server.ServerProtocol(('', 51972))
2024-06-21T03:07:36 received handshake 'Z5'
2024-06-21T03:35:52 Connected ZEO.asyncio.server.ServerProtocol(('', 51972))
2024-06-21T03:35:52 received handshake 'Z5'
2024-06-21T06:00:30 Connected ZEO.asyncio.server.ServerProtocol(('', 51972))
2024-06-21T06:00:30 received handshake 'Z5'
2024-06-21T06:43:08 Connected ZEO.asyncio.server.ServerProtocol(('', 51972))
2024-06-21T06:43:08 received handshake 'Z5'
2024-06-21T12:58:06 Connected ZEO.asyncio.server.ServerProtocol(('', 51972))
2024-06-21T12:58:06 received handshake 'Z5'
2024-06-21T17:48:24 Connected ZEO.asyncio.server.ServerProtocol(('', 51972))
2024-06-21T17:48:24 received handshake 'Z5'
2024-06-21T17:48:24 Connected ZEO.asyncio.server.ServerProtocol(('', 51972))
2024-06-21T17:48:24 received handshake 'Z5'
2024-06-21T17:48:24 Connected ZEO.asyncio.server.ServerProtocol(('', 51972))
2024-06-21T17:48:24 received handshake 'Z5'
2024-06-21T17:48:25 (:51972) disconnected
2024-06-21T17:48:25 (:51972) disconnected
2024-06-21T17:48:25 (:51972) disconnected
2024-06-21T17:48:25 (:51972) disconnected
2024-06-21T17:48:25 (:51972) disconnected
2024-06-21T17:48:25 (:51972) disconnected
2024-06-21T17:48:25 (:51972) disconnected
2024-06-21T17:48:25 (:51972) disconnected
2024-06-21T17:48:25 (:51972) disconnected
2024-06-21T17:48:25 (:51972) disconnected
2024-06-21T17:48:25 (:51972) disconnected
2024-06-21T17:48:25 (:51972) disconnected
2024-06-21T17:48:28 Connected ZEO.asyncio.server.ServerProtocol(('', 51972))
2024-06-21T17:48:28 received handshake 'Z5'
2024-06-21T17:49:03 (:51972) disconnected
2024-06-21T17:49:11 Connected ZEO.asyncio.server.ServerProtocol(('', 51972))
2024-06-21T17:49:11 received handshake 'Z5'
2024-06-21T17:49:26 Connected ZEO.asyncio.server.ServerProtocol(('', 51972))
2024-06-21T17:49:26 received handshake 'Z5'
2024-06-21T17:49:37 Connected ZEO.asyncio.server.ServerProtocol(('', 51972))
2024-06-21T17:49:37 received handshake 'Z5'
2024-06-21T17:50:08 Connected ZEO.asyncio.server.ServerProtocol(('', 51972))
2024-06-21T17:50:08 received handshake 'Z5'
2024-06-21T21:13:02 Connected ZEO.asyncio.server.ServerProtocol(('', 51972))
2024-06-21T21:13:02 received handshake 'Z5'
2024-06-21T22:18:08 Connected ZEO.asyncio.server.ServerProtocol(('', 51972))
2024-06-21T22:18:08 received handshake 'Z5'
2024-06-22T00:07:55 Connected ZEO.asyncio.server.ServerProtocol(('', 51972))
2024-06-22T00:07:55 received handshake 'Z5'
2024-06-22T00:07:57 Connected ZEO.asyncio.server.ServerProtocol(('', 51972))
2024-06-22T00:07:57 received handshake 'Z5'
2024-06-22T00:59:28 (:51972) disconnected
2024-06-22T00:59:28 (:51972) disconnected
2024-06-22T00:59:28 (:51972) disconnected
2024-06-22T00:59:28 (:51972) disconnected
2024-06-22T00:59:28 (:51972) disconnected
2024-06-22T00:59:28 (:51972) disconnected
2024-06-22T00:59:28 (:51972) disconnected
2024-06-22T00:59:28 (:51972) disconnected
2024-06-22T02:49:20 Connected ZEO.asyncio.server.ServerProtocol(('', 51972))
2024-06-22T02:49:20 received handshake 'Z5'
2024-06-22T06:33:42 Connected ZEO.asyncio.server.ServerProtocol(('', 51972))
2024-06-22T06:33:42 received handshake 'Z5'
2024-06-22T06:50:49 Connected ZEO.asyncio.server.ServerProtocol(('', 51972))
2024-06-22T06:50:49 received handshake 'Z5'
2024-06-22T10:01:28 (:51972) disconnected
2024-06-22T10:01:28 (:51972) disconnected
2024-06-22T10:01:28 (:51972) disconnected
